<?xml version="1.0" encoding="UTF-8"?>
<!-- Generated by org.testng.reporters.JUnitReportReporter -->
<testsuite hostname="DESKTOP-DCF98J4" failures="0" tests="4" name="Testpkg.Angrakhaahometest" time="4.405" errors="0" timestamp="2024-04-02T18:00:21 GST" skipped="0">
  <testcase classname="Testpkg.Angrakhaahometest" name="atitleverification" time="0.099"/>
  <testcase classname="Testpkg.Angrakhaahometest" name="hamburgermenu" time="1.364"/>
  <testcase classname="Testpkg.Angrakhaahometest" name="searchitem" time="2.790"/>
  <testcase classname="Testpkg.Angrakhaahometest" name="logoverification" time="0.152"/>
</testsuite> <!-- Testpkg.Angrakhaahometest -->
