<?xml version="1.0" encoding="UTF-8"?>
<!-- Generated by org.testng.reporters.JUnitReportReporter -->
<testsuite hostname="DESKTOP-DCF98J4" failures="0" tests="1" name="Testpkg.Angrakhaalogintest" time="16.624" errors="0" timestamp="2024-03-22T19:04:10 GST" skipped="0">
  <testcase classname="Testpkg.Angrakhaalogintest" name="verifylogin" time="16.624"/>
</testsuite> <!-- Testpkg.Angrakhaalogintest -->
