<?xml version="1.0" encoding="UTF-8"?>
<!-- Generated by org.testng.reporters.JUnitReportReporter -->
<testsuite hostname="DESKTOP-DCF98J4" failures="0" tests="1" name="Testpkg.Angrakhaacarttest" time="12.128" errors="0" timestamp="2024-04-02T17:46:58 GST" skipped="0">
  <testcase classname="Testpkg.Angrakhaacarttest" name="carttest" time="12.128"/>
</testsuite> <!-- Testpkg.Angrakhaacarttest -->
